<?xml version="1.0" encoding="UTF-8"?>
<testsuite name="mockito.MockitoTest" tests="1" skipped="1" failures="0" errors="0" timestamp="2020-02-05T07:02:16" hostname="admin1-HP-EliteBook-Folio-9480m" time="23239.34">
  <properties/>
  <testcase name="testQuery" classname="mockito.MockitoTest" time="23239.34">
    <skipped/>
  </testcase>
  <system-out><![CDATA[]]></system-out>
  <system-err><![CDATA[]]></system-err>
</testsuite>
